<?xml version="1.0" encoding="UTF-8"?>
<!-- Generated by org.testng.reporters.JUnitXMLReporter -->
<testsuite hostname="IN-MH1LPW101177" ignored="0" name="MyTest" tests="1" failures="0" timestamp="02 Nov 2018 17:05:11 GMT" time="0.007" errors="0">
  <testcase name="@BeforeClass initializeTestBaseSetup" time="0.0" classname="com.mastek.monark.hybrid.BaseSetup.BaseClass">
    <failure type="org.testng.TestNGException" message="
Can inject only one of &amp;lt;ITestContext, XmlTest&amp;gt; into a @BeforeClass annotated initializeTestBaseSetup.
For more information on native dependency injection please refer to http://testng.org/doc/documentation-main.html#native-dependency-injection">
      <![CDATA[org.testng.TestNGException: 
Can inject only one of <ITestContext, XmlTest> into a @BeforeClass annotated initializeTestBaseSetup.
For more information on native dependency injection please refer to http://testng.org/doc/documentation-main.html#native-dependency-injection
at com.mastek.monark.hybrid.Core.Core.execute(Core.java:74)
... Removed 45 stack frames]]>
    </failure>
  </testcase> <!-- @BeforeClass initializeTestBaseSetup -->
  <testcase name="@BeforeClass setUp" time="0.0" classname="com.mastek.monark.hybrid.TestsWeb.Monark">
    <skipped/>
  </testcase> <!-- @BeforeClass setUp -->
  <testcase name="@AfterClass tearDown" time="0.0" classname="com.mastek.monark.hybrid.BaseSetup.BaseClass">
    <skipped/>
  </testcase> <!-- @AfterClass tearDown -->
  <testcase name="execute" time="0.0" classname="com.mastek.monark.hybrid.TestsWeb.Monark">
    <skipped/>
  </testcase> <!-- execute -->
</testsuite> <!-- MyTest -->
