<?xml version="1.0" encoding="UTF-8"?>
<!-- Generated by org.testng.reporters.JUnitXMLReporter -->
<testsuite hostname="IN-MH1LPW101184" ignored="1" name="001" tests="1" failures="0" timestamp="26 Nov 2018 12:29:26 GMT" time="5.374" errors="0">
  <testcase name="TC001" time="3.17" classname="com.mastek.monark.hybrid.TestsWeb.Scenario2"/>
  <testcase name="TC002" time="0.0" classname="com.mastek.monark.hybrid.TestsWeb.Scenario2">
    <ignored/>
  </testcase> <!-- TC002 -->
</testsuite> <!-- 001 -->
