<?xml version="1.0" encoding="UTF-8"?>
<!-- Generated by org.testng.reporters.JUnitXMLReporter -->
<testsuite hostname="IN-MH1LPW101184" ignored="1" name="002" tests="1" failures="0" timestamp="26 Nov 2018 12:29:30 GMT" time="9.194" errors="0">
  <testcase name="TC002" time="2.588" classname="com.mastek.monark.hybrid.TestsWeb.Scenario2"/>
  <testcase name="TC001" time="0.0" classname="com.mastek.monark.hybrid.TestsWeb.Scenario2">
    <ignored/>
  </testcase> <!-- TC001 -->
</testsuite> <!-- 002 -->
