<?xml version="1.0" encoding="UTF-8"?>
<!-- Generated by org.testng.reporters.JUnitXMLReporter -->
<testsuite hostname="IN-MH1LPW101177" ignored="2" name="003" tests="1" failures="0" timestamp="22 Nov 2018 07:09:34 GMT" time="24.345" errors="0">
  <testcase name="TC003" time="6.341" classname="com.mastek.monark.hybrid.TestsWeb.Scenario1"/>
  <testcase name="TC002" time="0.0" classname="com.mastek.monark.hybrid.TestsWeb.Scenario1">
    <ignored/>
  </testcase> <!-- TC002 -->
  <testcase name="TC001" time="0.0" classname="com.mastek.monark.hybrid.TestsWeb.Scenario1">
    <ignored/>
  </testcase> <!-- TC001 -->
</testsuite> <!-- 003 -->
