<?xml version="1.0" encoding="UTF-8"?>
<testng-results skipped="0" failed="0" ignored="0" total="1" passed="1">
  <reporter-output>
  </reporter-output>
  <suite name="MONARK HYBRID" duration-ms="20718" started-at="2018-11-26T12:29:09Z" finished-at="2018-11-26T12:29:30Z">
    <groups>
    </groups>
    <test name="MONARK Test Suite" duration-ms="20718" started-at="2018-11-26T12:29:09Z" finished-at="2018-11-26T12:29:30Z">
      <class name="com.mastek.monark.hybrid.Core.Core">
        <test-method status="PASS" signature="execute()[pri:0, instance:com.mastek.monark.hybrid.Core.Core@5700d6b1]" name="execute" duration-ms="20687" started-at="2018-11-26T12:29:09Z" finished-at="2018-11-26T12:29:30Z">
          <reporter-output>
          </reporter-output>
        </test-method> <!-- execute -->
      </class> <!-- com.mastek.monark.hybrid.Core.Core -->
    </test> <!-- MONARK Test Suite -->
  </suite> <!-- MONARK HYBRID -->
</testng-results>
