<?xml version="1.0" encoding="UTF-8"?>
<!-- Generated by org.testng.reporters.JUnitXMLReporter -->
<testsuite hostname="IN-MH1LPW101177" ignored="0" name="TestNG Grid0" tests="1" failures="1" timestamp="24 Oct 2018 05:05:12 GMT" time="56.864" errors="0">
  <testcase name="execute" time="32.51" classname="com.mastek.monark.hybrid.TestsWeb.TenthTest">
    <failure type="java.lang.AssertionError" message="expected [Google] but found [www.google.com]">
      <![CDATA[java.lang.AssertionError: expected [Google] but found [www.google.com]
at com.mastek.monark.hybrid.TestsWeb.TenthTest.execute(TenthTest.java:14)
at java.util.concurrent.FutureTask.run(FutureTask.java:266)
at java.util.concurrent.ThreadPoolExecutor.runWorker(ThreadPoolExecutor.java:1149)
at java.util.concurrent.ThreadPoolExecutor$Worker.run(ThreadPoolExecutor.java:624)
at java.lang.Thread.run(Thread.java:748)
... Removed 22 stack frames]]>
    </failure>
  </testcase> <!-- execute -->
</testsuite> <!-- TestNG Grid0 -->
